c:\users\мах\source\repos\flashservicecpp\flashservicecpp\x64\debug\vc145.pdb
c:\users\мах\source\repos\flashservicecpp\flashservicecpp\x64\debug\vc145.idb
c:\users\мах\source\repos\flashservicecpp\flashservicecpp\x64\debug\flashservicecpp.obj
c:\users\мах\source\repos\flashservicecpp\x64\debug\flashservicecpp.exe
c:\users\мах\source\repos\flashservicecpp\x64\debug\flashservicecpp.pdb
c:\users\мах\source\repos\flashservicecpp\flashservicecpp\x64\debug\flashservicecpp.res
c:\users\мах\source\repos\flashservicecpp\flashservicecpp\x64\debug\flashservicecpp.exe.embed.manifest.res
c:\users\мах\source\repos\flashservicecpp\flashservicecpp\x64\debug\flashservicecpp.ilk
c:\users\мах\source\repos\flashservicecpp\flashservicecpp\x64\debug\flashservicecpp.exe.embed.manifest
c:\users\мах\source\repos\flashservicecpp\flashservicecpp\x64\debug\flashservicecpp_manifest.rc
c:\users\мах\source\repos\flashservicecpp\flashservicecpp\x64\debug\flashservicecpp.tlog\cl.command.1.tlog
c:\users\мах\source\repos\flashservicecpp\flashservicecpp\x64\debug\flashservicecpp.tlog\cl.items.tlog
c:\users\мах\source\repos\flashservicecpp\flashservicecpp\x64\debug\flashservicecpp.tlog\cl.read.1.tlog
c:\users\мах\source\repos\flashservicecpp\flashservicecpp\x64\debug\flashservicecpp.tlog\cl.write.1.tlog
c:\users\мах\source\repos\flashservicecpp\flashservicecpp\x64\debug\flashservicecpp.tlog\link.command.1.tlog
c:\users\мах\source\repos\flashservicecpp\flashservicecpp\x64\debug\flashservicecpp.tlog\link.read.1.tlog
c:\users\мах\source\repos\flashservicecpp\flashservicecpp\x64\debug\flashservicecpp.tlog\link.secondary.1.tlog
c:\users\мах\source\repos\flashservicecpp\flashservicecpp\x64\debug\flashservicecpp.tlog\link.write.1.tlog
c:\users\мах\source\repos\flashservicecpp\flashservicecpp\x64\debug\flashservicecpp.tlog\rc.command.1.tlog
c:\users\мах\source\repos\flashservicecpp\flashservicecpp\x64\debug\flashservicecpp.tlog\rc.read.1.tlog
c:\users\мах\source\repos\flashservicecpp\flashservicecpp\x64\debug\flashservicecpp.tlog\rc.write.1.tlog
